[2024-05-16 23:13:52] [ INFO ] [DomicilioDaoH2:46] Violación de indice de Unicidad ó Clave primaria: "PRIMARY KEY ON PUBLIC.DOMICILIOS(ID) ( /* key:0 */ 1, 'SIEMPRE VIVA', 123, 'SAN PEDRO', 'JUJUY')"
Unique index or primary key violation: "PRIMARY KEY ON PUBLIC.DOMICILIOS(ID) ( /* key:0 */ 1, 'SIEMPRE VIVA', 123, 'SAN PEDRO', 'JUJUY')"; SQL statement:
INSERT INTO DOMICILIOS VALUES (DEFAULT,?,?,?,?) [23505-224]
[2024-05-16 23:13:52] [ INFO ] [PacienteDaoH2:56] Cannot invoke "dh.backend.model.Domicilio.getId()" because "domicilioGuardado" is null
[2024-05-16 23:15:25] [ INFO ] [DomicilioDaoH2:34] Paciente persistido: Domicilio id=2, calle='Calle Falsa', numero=456, localidad='Springfield', provincia='Montana
[2024-05-16 23:15:25] [ INFO ] [PacienteDaoH2:43] odontologo guardado: Paciente id=2, apellido='Cosme', nombre='Menganito', dni='456464', fechaIngreso=2024-04-22, domicilio=Domicilio id=2, calle='Calle Falsa', numero=456, localidad='Springfield', provincia='Montana
[2024-05-16 23:47:04] [ INFO ] [DomicilioDaoH2:34] Domicilio persistido: Domicilio id=2, calle='Calle Falsa', numero=456, localidad='Springfield', provincia='Montana
[2024-05-16 23:47:04] [ INFO ] [PacienteDaoH2:43] odontologo guardado: Paciente id=2, apellido='Cosme', nombre='Menganito', dni='456464', fechaIngreso=2024-04-22, domicilio=Domicilio id=2, calle='Calle Falsa', numero=456, localidad='Springfield', provincia='Montana
[2024-05-16 23:48:42] [ INFO ] [DomicilioDaoH2:77] domicilio encontrado: Domicilio id=1, calle='SIEMPRE VIVA', numero=123, localidad='SAN PEDRO', provincia='JUJUY
[2024-05-16 23:48:42] [ INFO ] [PacienteDaoH2:91] odontologo encontrado: Paciente id=1, apellido='COSME', nombre='FULANITO', dni='1545646', fechaIngreso=2024-02-15, domicilio=Domicilio id=1, calle='SIEMPRE VIVA', numero=123, localidad='SAN PEDRO', provincia='JUJUY
[2024-05-16 23:51:31] [ INFO ] [DomicilioDaoH2:34] Domicilio persistido: Domicilio id=2, calle='Calle Falsa', numero=456, localidad='Springfield', provincia='Montana
[2024-05-16 23:51:31] [ INFO ] [PacienteDaoH2:43] odontologo guardado: Paciente id=2, apellido='Cosme', nombre='Menganito', dni='456464', fechaIngreso=2024-04-22, domicilio=Domicilio id=2, calle='Calle Falsa', numero=456, localidad='Springfield', provincia='Montana
[2024-05-16 23:51:31] [ INFO ] [DomicilioDaoH2:77] domicilio encontrado: Domicilio id=1, calle='SIEMPRE VIVA', numero=123, localidad='SAN PEDRO', provincia='JUJUY
[2024-05-16 23:51:31] [ INFO ] [PacienteDaoH2:126] odontologo listado: Paciente id=1, apellido='COSME', nombre='FULANITO', dni='1545646', fechaIngreso=2024-02-15, domicilio=Domicilio id=1, calle='SIEMPRE VIVA', numero=123, localidad='SAN PEDRO', provincia='JUJUY
[2024-05-16 23:51:31] [ INFO ] [DomicilioDaoH2:77] domicilio encontrado: Domicilio id=2, calle='Calle Falsa', numero=456, localidad='Springfield', provincia='Montana
[2024-05-16 23:51:31] [ INFO ] [PacienteDaoH2:126] odontologo listado: Paciente id=2, apellido='Cosme', nombre='Menganito', dni='456464', fechaIngreso=2024-04-22, domicilio=Domicilio id=2, calle='Calle Falsa', numero=456, localidad='Springfield', provincia='Montana
[2024-05-17 00:00:43] [ INFO ] [PacienteEnMemoria:19] odontologo guardado: Paciente id=1, apellido='Cosme', nombre='Menganito', dni='456464', fechaIngreso=2024-04-22, domicilio=Domicilio id=null, calle='Calle Falsa', numero=456, localidad='Springfield', provincia='Montana
[2024-05-17 00:01:48] [ INFO ] [PacienteEnMemoria:31] Paciente no encontrado
[2024-05-17 00:02:24] [ INFO ] [PacienteEnMemoria:19] odontologo guardado: Paciente id=1, apellido='Cosme', nombre='Menganito', dni='456464', fechaIngreso=2024-04-22, domicilio=Domicilio id=null, calle='Calle Falsa', numero=456, localidad='Springfield', provincia='Montana
[2024-05-17 00:02:24] [ INFO ] [PacienteEnMemoria:27] Paciente encontrado: Paciente id=1, apellido='Cosme', nombre='Menganito', dni='456464', fechaIngreso=2024-04-22, domicilio=Domicilio id=null, calle='Calle Falsa', numero=456, localidad='Springfield', provincia='Montana
[2024-05-17 00:02:50] [ INFO ] [PacienteEnMemoria:19] odontologo guardado: Paciente id=1, apellido='Cosme', nombre='Menganito', dni='456464', fechaIngreso=2024-04-22, domicilio=Domicilio id=null, calle='Calle Falsa', numero=456, localidad='Springfield', provincia='Montana
[2024-05-21 19:49:45] [ INFO ] [OdontologoDaoH2:50] Table "ODONTOLOGOS" not found; SQL statement:
INSERT INTO ODONTOLOGOS VALUES (DEFAULT,?,?,?) [42102-224]
[2024-05-21 19:49:45] [ INFO ] [OdontologoDaoH2:50] Table "ODONTOLOGOS" not found; SQL statement:
INSERT INTO ODONTOLOGOS VALUES (DEFAULT,?,?,?) [42102-224]
[2024-05-21 19:49:45] [ INFO ] [OdontologoDaoH2:84] Table "ODONTOLOGOS" not found; SQL statement:
SELECT * FROM ODONTOLOGOS [42102-224]
[2024-05-21 19:51:28] [ INFO ] [OdontologoDaoH2:37] odontologo guardado: Paciente id=1, apellido='Urrego', nombre='Maria', numeroMatricula='16858361
[2024-05-21 19:51:28] [ INFO ] [OdontologoDaoH2:37] odontologo guardado: Paciente id=2, apellido='Sabando', nombre='Sergio', numeroMatricula='16857863
[2024-05-21 19:51:28] [ INFO ] [OdontologoDaoH2:79] odontologo listado: Paciente id=1, apellido='Urrego', nombre='Maria', numeroMatricula='16858361
[2024-05-21 19:51:28] [ INFO ] [OdontologoDaoH2:79] odontologo listado: Paciente id=2, apellido='Sabando', nombre='Sergio', numeroMatricula='16857863
